\BOOKMARK [1][-]{section.1}{\376\377\000E\000i\000n\000l\000e\000i\000t\000u\000n\000g}{}% 1
\BOOKMARK [2][-]{subsection.1.1}{\376\377\000D\000e\000r\000\040\000I\000m\000p\000o\000r\000t\000-\000B\000e\000f\000e\000h\000l}{section.1}% 2
\BOOKMARK [2][-]{subsection.1.2}{\376\377\000W\000a\000r\000u\000m\000\040\000m\000u\000s\000s\000\040\000P\000y\000g\000a\000m\000e\000\040\000i\000m\000p\000o\000r\000t\000i\000e\000r\000t\000\040\000w\000e\000r\000d\000e\000n\000?}{section.1}% 3
\BOOKMARK [2][-]{subsection.1.3}{\376\377\000E\000r\000s\000t\000e\000l\000l\000u\000n\000g\000\040\000e\000i\000n\000e\000s\000\040\000S\000p\000i\000e\000l\000f\000e\000n\000s\000t\000e\000r\000s}{section.1}% 4
\BOOKMARK [2][-]{subsection.1.4}{\376\377\000E\000r\000e\000i\000g\000n\000i\000s\000s\000c\000h\000l\000e\000i\000f\000e\000\040\000u\000n\000d\000\040\000B\000e\000e\000n\000d\000e\000n\000\040\000d\000e\000s\000\040\000F\000e\000n\000s\000t\000e\000r\000s}{section.1}% 5
\BOOKMARK [2][-]{subsection.1.5}{\376\377\000T\000i\000t\000e\000l\000,\000\040\000I\000c\000o\000n\000\040\000u\000n\000d\000\040\000H\000i\000n\000t\000e\000r\000g\000r\000u\000n\000d}{section.1}% 6
\BOOKMARK [3][-]{subsubsection.1.5.1}{\376\377\000T\000i\000t\000e\000l\000\040\000u\000n\000d\000\040\000I\000c\000o\000n}{subsection.1.5}% 7
\BOOKMARK [3][-]{subsubsection.1.5.2}{\376\377\000H\000i\000n\000t\000e\000r\000g\000r\000u\000n\000d\000f\000a\000r\000b\000e\000\040\000m\000i\000t\000\040\000R\000G\000B\000\040\000s\000e\000t\000z\000e\000n}{subsection.1.5}% 8
\BOOKMARK [2][-]{subsection.1.6}{\376\377\000S\000p\000i\000e\000l\000e\000r\000-\000S\000e\000t\000u\000p}{section.1}% 9
\BOOKMARK [1][-]{section.2}{\376\377\000I\000n\000t\000e\000r\000a\000k\000t\000i\000o\000n\000\040\000m\000i\000t\000\040\000d\000e\000m\000\040\000S\000p\000i\000e\000l}{}% 10
\BOOKMARK [2][-]{subsection.2.1}{\376\377\000S\000p\000i\000e\000l\000e\000r\000\040\000n\000a\000c\000h\000\040\000r\000e\000c\000h\000t\000s\000\040\000b\000e\000w\000e\000g\000e\000n}{section.2}% 11
\BOOKMARK [2][-]{subsection.2.2}{\376\377\000S\000p\000i\000e\000l\000e\000r\000b\000e\000w\000e\000g\000u\000n\000g\000\040\000m\000i\000t\000\040\000T\000a\000s\000t\000e\000n\000e\000i\000n\000g\000a\000b\000e\000n}{section.2}% 12
\BOOKMARK [2][-]{subsection.2.3}{\376\377\000B\000e\000g\000r\000e\000n\000z\000u\000n\000g\000\040\000d\000e\000r\000\040\000S\000p\000i\000e\000l\000e\000r\000b\000e\000w\000e\000g\000u\000n\000g}{section.2}% 13
\BOOKMARK [1][-]{section.3}{\376\377\000G\000e\000g\000n\000e\000r}{}% 14
\BOOKMARK [2][-]{subsection.3.1}{\376\377\000G\000e\000g\000n\000e\000r\000-\000S\000e\000t\000u\000p}{section.3}% 15
\BOOKMARK [2][-]{subsection.3.2}{\376\377\000Z\000u\000f\000\344\000l\000l\000i\000g\000e\000\040\000P\000l\000a\000t\000z\000i\000e\000r\000u\000n\000g\000\040\000d\000e\000s\000\040\000G\000e\000g\000n\000e\000r\000s}{section.3}% 16
\BOOKMARK [2][-]{subsection.3.3}{\376\377\000B\000e\000w\000e\000g\000u\000n\000g\000\040\000d\000e\000s\000\040\000G\000e\000g\000n\000e\000r\000s}{section.3}% 17
\BOOKMARK [2][-]{subsection.3.4}{\376\377\000H\000i\000n\000t\000e\000r\000g\000r\000u\000n\000d\000b\000i\000l\000d\000\040\000e\000i\000n\000f\000\374\000g\000e\000n}{section.3}% 18
\BOOKMARK [1][-]{section.4}{\376\377\000S\000c\000h\000i\000e\000\337\000e\000n}{}% 19
\BOOKMARK [2][-]{subsection.4.1}{\376\377\000K\000u\000g\000e\000l\000\040\000h\000i\000n\000z\000u\000f\000\374\000g\000e\000n}{section.4}% 20
\BOOKMARK [2][-]{subsection.4.2}{\376\377\000K\000u\000g\000e\000l\000\040\000a\000b\000f\000e\000u\000e\000r\000n}{section.4}% 21
\BOOKMARK [2][-]{subsection.4.3}{\376\377\000K\000u\000g\000e\000l\000\040\000m\000i\000t\000\040\000d\000e\000r\000\040\000L\000e\000e\000r\000t\000a\000s\000t\000e\000\040\000a\000b\000f\000e\000u\000e\000r\000n}{section.4}% 22
\BOOKMARK [2][-]{subsection.4.4}{\376\377\000B\000e\000w\000e\000g\000u\000n\000g\000\040\000d\000e\000r\000\040\000K\000u\000g\000e\000l}{section.4}% 23
\BOOKMARK [2][-]{subsection.4.5}{\376\377\000B\000u\000g\000\040\000f\000i\000x\000e\000s}{section.4}% 24
\BOOKMARK [3][-]{subsubsection.4.5.1}{\376\377\000B\000u\000g\000f\000i\000x\000:\000\040\000M\000e\000h\000r\000f\000a\000c\000h\000e\000s\000\040\000A\000b\000s\000c\000h\000i\000e\000\337\000e\000n\000\040\000d\000e\000r\000\040\000K\000u\000g\000e\000l\000\040\000e\000r\000m\000\366\000g\000l\000i\000c\000h\000e\000n}{subsection.4.5}% 25
\BOOKMARK [3][-]{subsubsection.4.5.2}{\376\377\000B\000u\000g\000f\000i\000x\000:\000\040\000K\000u\000g\000e\000l\000\040\000s\000o\000l\000l\000\040\000s\000i\000c\000h\000\040\000n\000i\000c\000h\000t\000\040\000m\000i\000t\000\040\000d\000e\000m\000\040\000R\000a\000u\000m\000s\000c\000h\000i\000f\000f\000\040\000b\000e\000w\000e\000g\000e\000n}{subsection.4.5}% 26
\BOOKMARK [3][-]{subsubsection.4.5.3}{\376\377\000B\000u\000g\000f\000i\000x\000:\000\040\000V\000e\000r\000h\000i\000n\000d\000e\000r\000n\000,\000\040\000d\000a\000s\000s\000\040\000d\000i\000e\000\040\000X\000-\000K\000o\000o\000r\000d\000i\000n\000a\000t\000e\000\040\000b\000e\000i\000m\000\040\000F\000e\000u\000e\000r\000n\000\040\000v\000e\000r\000\344\000n\000d\000e\000r\000t\000\040\000w\000i\000r\000d}{subsection.4.5}% 27
\BOOKMARK [2][-]{subsection.4.6}{\376\377\000K\000o\000l\000l\000i\000s\000i\000o\000n\000s\000e\000r\000k\000e\000n\000n\000u\000n\000g\000\040\000z\000w\000i\000s\000c\000h\000e\000n\000\040\000K\000u\000g\000e\000l\000\040\000u\000n\000d\000\040\000G\000e\000g\000n\000e\000r}{section.4}% 28
\BOOKMARK [1][-]{section.5}{\376\377\000V\000e\000r\000b\000e\000s\000s\000e\000r\000u\000n\000g\000\040\000d\000e\000s\000\040\000S\000p\000i\000e\000l\000s}{}% 29
\BOOKMARK [2][-]{subsection.5.1}{\376\377\000M\000e\000h\000r\000e\000r\000e\000\040\000G\000e\000g\000n\000e\000r\000\040\000h\000i\000n\000z\000u\000f\000\374\000g\000e\000n}{section.5}% 30
\BOOKMARK [2][-]{subsection.5.2}{\376\377\000B\000e\000w\000e\000g\000u\000n\000g\000\040\000u\000n\000d\000\040\000K\000o\000l\000l\000i\000s\000i\000o\000n\000\040\000f\000\374\000r\000\040\000m\000e\000h\000r\000e\000r\000e\000\040\000G\000e\000g\000n\000e\000r}{section.5}% 31
\BOOKMARK [2][-]{subsection.5.3}{\376\377\000S\000c\000o\000r\000e\000-\000A\000n\000z\000e\000i\000g\000e\000\040\000i\000m\000\040\000S\000p\000i\000e\000l}{section.5}% 32
\BOOKMARK [2][-]{subsection.5.4}{\376\377\000F\000u\000n\000k\000t\000i\000o\000n\000\040\000z\000u\000r\000\040\000S\000c\000o\000r\000e\000-\000A\000n\000z\000e\000i\000g\000e}{section.5}% 33
\BOOKMARK [2][-]{subsection.5.5}{\376\377\000S\000c\000o\000r\000e\000\040\000i\000n\000\040\000d\000e\000r\000\040\000H\000a\000u\000p\000t\000s\000p\000i\000e\000l\000-\000S\000c\000h\000l\000e\000i\000f\000e\000\040\000a\000n\000z\000e\000i\000g\000e\000n}{section.5}% 34
\BOOKMARK [2][-]{subsection.5.6}{\376\377\000M\000u\000s\000i\000k\000\040\000u\000n\000d\000\040\000S\000o\000u\000n\000d\000e\000f\000f\000e\000k\000t\000e}{section.5}% 35
\BOOKMARK [3][-]{subsubsection.5.6.1}{\376\377\000H\000i\000n\000t\000e\000r\000g\000r\000u\000n\000d\000m\000u\000s\000i\000k\000\040\000h\000i\000n\000z\000u\000f\000\374\000g\000e\000n}{subsection.5.6}% 36
\BOOKMARK [3][-]{subsubsection.5.6.2}{\376\377\000S\000o\000u\000n\000d\000e\000f\000f\000e\000k\000t\000\040\000b\000e\000i\000m\000\040\000S\000c\000h\000i\000e\000\337\000e\000n}{subsection.5.6}% 37
\BOOKMARK [3][-]{subsubsection.5.6.3}{\376\377\000S\000o\000u\000n\000d\000e\000f\000f\000e\000k\000t\000\040\000b\000e\000i\000\040\000e\000i\000n\000e\000r\000\040\000E\000x\000p\000l\000o\000s\000i\000o\000n}{subsection.5.6}% 38
\BOOKMARK [2][-]{subsection.5.7}{\376\377\000G\000a\000m\000e\000\040\000O\000v\000e\000r\000\040\000A\000n\000z\000e\000i\000g\000e}{section.5}% 39
\BOOKMARK [3][-]{subsubsection.5.7.1}{\376\377\000G\000a\000m\000e\000\040\000O\000v\000e\000r\000\040\000S\000c\000h\000r\000i\000f\000t\000a\000r\000t\000\040\000i\000n\000i\000t\000i\000a\000l\000i\000s\000i\000e\000r\000e\000n}{subsection.5.7}% 40
\BOOKMARK [3][-]{subsubsection.5.7.2}{\376\377\000F\000u\000n\000k\000t\000i\000o\000n\000\040\000z\000u\000r\000\040\000A\000n\000z\000e\000i\000g\000e\000\040\000d\000e\000s\000\040\000G\000a\000m\000e\000\040\000O\000v\000e\000r\000\040\000T\000e\000x\000t\000e\000s}{subsection.5.7}% 41
\BOOKMARK [3][-]{subsubsection.5.7.3}{\376\377\000G\000a\000m\000e\000\040\000O\000v\000e\000r\000\040\000B\000e\000d\000i\000n\000g\000u\000n\000g\000\040\000i\000n\000\040\000d\000e\000r\000\040\000S\000p\000i\000e\000l\000s\000c\000h\000l\000e\000i\000f\000e}{subsection.5.7}% 42
